<?xml version="1.0" encoding="UTF-8"?>
<!-- Generated by org.testng.reporters.JUnitReportReporter -->
<testsuite hostname="LTIN197254" failures="0" tests="1" name="lambdatestjava.LambdaTestJava" time="17.991" errors="0" timestamp="2022-10-25T19:49:42 IST" skipped="0">
  <testcase classname="lambdatestjava.LambdaTestJava" name="testScenario1" time="17.991"/>
  <system-out/>
</testsuite> <!-- lambdatestjava.LambdaTestJava -->
